<?xml version="1.0" encoding="UTF-8"?>
<testsuite name="SILab2Test" tests="2" skipped="0" failures="0" errors="0" timestamp="2023-05-30T04:44:37" hostname="MATEJ" time="0.015">
  <properties/>
  <testcase name="EveryBranch()" classname="SILab2Test" time="0.012"/>
  <testcase name="MultipleCondition()" classname="SILab2Test" time="0.002"/>
  <system-out><![CDATA[]]></system-out>
  <system-err><![CDATA[]]></system-err>
</testsuite>
